<?xml version="1.0" encoding="UTF-8"?>
<testng-results skipped="1" failed="0" total="1" passed="0">
  <reporter-output>
  </reporter-output>
  <suite name="Default suite" duration-ms="19" started-at="2016-02-12T02:08:54Z" finished-at="2016-02-12T02:08:54Z">
    <groups>
    </groups>
    <test name="Default test" duration-ms="19" started-at="2016-02-12T02:08:54Z" finished-at="2016-02-12T02:08:54Z">
      <class name="com.vishnu.miscellaneous.Testng_BrowserCompactability">
        <test-method status="SKIP" signature="browserTest(java.lang.String)[pri:0, instance:com.vishnu.miscellaneous.Testng_BrowserCompactability@48aee668]" name="browserTest" duration-ms="0" started-at="2016-02-11T18:08:54Z" finished-at="2016-02-11T18:08:54Z">
          <exception class="org.testng.TestNGException">
            <message>
              <![CDATA[
Parameter 'browser' is required by @Test on method browserTest but has not been marked @Optional or defined
in /private/var/folders/z_/3pxk0s5j22gc30y2nl4pl43h0000gn/T/testng-eclipse--459051464/testng-customsuite.xml]]>
            </message>
            <full-stacktrace>
              <![CDATA[org.testng.TestNGException: 
Parameter 'browser' is required by @Test on method browserTest but has not been marked @Optional or defined
in /private/var/folders/z_/3pxk0s5j22gc30y2nl4pl43h0000gn/T/testng-eclipse--459051464/testng-customsuite.xml
	at org.testng.internal.Parameters.createParameters(Parameters.java:148)
	at org.testng.internal.Parameters.createParameters(Parameters.java:361)
	at org.testng.internal.Parameters.handleParameters(Parameters.java:451)
	at org.testng.internal.Invoker.handleParameters(Invoker.java:1276)
	at org.testng.internal.Invoker.createParameters(Invoker.java:992)
	at org.testng.internal.Invoker.invokeTestMethods(Invoker.java:1082)
	at org.testng.internal.TestMethodWorker.invokeTestMethods(TestMethodWorker.java:124)
	at org.testng.internal.TestMethodWorker.run(TestMethodWorker.java:108)
	at org.testng.TestRunner.privateRun(TestRunner.java:773)
	at org.testng.TestRunner.run(TestRunner.java:623)
	at org.testng.SuiteRunner.runTest(SuiteRunner.java:357)
	at org.testng.SuiteRunner.runSequentially(SuiteRunner.java:352)
	at org.testng.SuiteRunner.privateRun(SuiteRunner.java:310)
	at org.testng.SuiteRunner.run(SuiteRunner.java:259)
	at org.testng.SuiteRunnerWorker.runSuite(SuiteRunnerWorker.java:52)
	at org.testng.SuiteRunnerWorker.run(SuiteRunnerWorker.java:86)
	at org.testng.TestNG.runSuitesSequentially(TestNG.java:1185)
	at org.testng.TestNG.runSuitesLocally(TestNG.java:1110)
	at org.testng.TestNG.run(TestNG.java:1018)
	at org.testng.remote.RemoteTestNG.run(RemoteTestNG.java:111)
	at org.testng.remote.RemoteTestNG.initAndRun(RemoteTestNG.java:204)
	at org.testng.remote.RemoteTestNG.main(RemoteTestNG.java:175)
]]>
            </full-stacktrace>
          </exception> <!-- org.testng.TestNGException -->
          <reporter-output>
          </reporter-output>
        </test-method> <!-- browserTest -->
      </class> <!-- com.vishnu.miscellaneous.Testng_BrowserCompactability -->
    </test> <!-- Default test -->
  </suite> <!-- Default suite -->
</testng-results>
