<?xml version="1.0" encoding="UTF-8"?>
<testng-results skipped="0" failed="0" total="1" passed="1">
  <reporter-output>
  </reporter-output>
  <suite name="Default suite" duration-ms="2862" started-at="2016-01-16T01:47:23Z" finished-at="2016-01-16T01:47:26Z">
    <groups>
    </groups>
    <test name="Default test" duration-ms="2862" started-at="2016-01-16T01:47:23Z" finished-at="2016-01-16T01:47:26Z">
      <class name="com.test.google.Basic_Search">
        <test-method status="PASS" signature="beforeMethod()[pri:0, instance:com.test.google.Basic_Search@69960a51]" name="beforeMethod" is-config="true" duration-ms="2096" started-at="2016-01-15T17:47:23Z" finished-at="2016-01-15T17:47:25Z">
          <reporter-output>
          </reporter-output>
        </test-method> <!-- beforeMethod -->
        <test-method status="PASS" signature="search()[pri:0, instance:com.test.google.Basic_Search@69960a51]" name="search" duration-ms="691" started-at="2016-01-15T17:47:25Z" finished-at="2016-01-15T17:47:26Z">
          <reporter-output>
          </reporter-output>
        </test-method> <!-- search -->
        <test-method status="PASS" signature="afterMethod()[pri:0, instance:com.test.google.Basic_Search@69960a51]" name="afterMethod" is-config="true" duration-ms="65" started-at="2016-01-15T17:47:26Z" finished-at="2016-01-15T17:47:26Z">
          <reporter-output>
          </reporter-output>
        </test-method> <!-- afterMethod -->
      </class> <!-- com.test.google.Basic_Search -->
    </test> <!-- Default test -->
  </suite> <!-- Default suite -->
</testng-results>
